<?xml version="1.0" encoding="UTF-8"?>
<!-- Generated by org.testng.reporters.JUnitReportReporter -->
<testsuite hostname="ceko" name="newPackage.NoPOMClassTestLoginGuruBank" tests="1" failures="0" timestamp="3 May 2016 07:19:07 GMT" time="15.547" errors="0">
  <testcase name="testEasy" time="15.547" classname="newPackage.NoPOMClassTestLoginGuruBank"/>
</testsuite> <!-- newPackage.NoPOMClassTestLoginGuruBank -->
