<?xml version="1.0" encoding="UTF-8"?>
<!-- Generated by org.testng.reporters.JUnitReportReporter -->
<testsuite hostname="bebi-PC" name="newPackage.NoPOMClassTestLoginGuruBank" tests="1" failures="0" timestamp="3 May 2016 19:01:09 GMT" time="26.145" errors="0">
  <testcase name="testEasy" time="26.145" classname="newPackage.NoPOMClassTestLoginGuruBank"/>
</testsuite> <!-- newPackage.NoPOMClassTestLoginGuruBank -->
